[W 09:10:52.111 NotebookApp] WARNING: The notebook server is listening on all IP addresses and not using encryption. This is not recommended.
[I 09:10:52.114 NotebookApp] Serving notebooks from local directory: /home/linyihan/yealinkProj/xmem
[I 09:10:52.114 NotebookApp] Jupyter Notebook 6.5.4 is running at:
[I 09:10:52.114 NotebookApp] http://server:1205/
[I 09:10:52.114 NotebookApp] Use Control-C to stop this server and shut down all kernels (twice to skip confirmation).
[I 09:11:10.979 NotebookApp] Creating new notebook in 
[I 09:11:11.049 NotebookApp] Writing notebook-signing key to /home/linyihan/.local/share/jupyter/notebook_secret
[I 09:11:12.440 NotebookApp] Kernel started: f563b069-b69b-487a-a560-03810056af0d, name: python3
[I 09:13:12.403 NotebookApp] Saving file at /inference_test.ipynb
/home/linyihan/miniconda3/envs/pytorch/lib/python3.10/site-packages/nbformat/__init__.py:129: MissingIDFieldWarning: Code cell is missing an id field, this will become a hard error in future nbformat versions. You may want to use `normalize()` on your notebooks before validations (available since nbformat 5.1.4). Previous versions of nbformat are fixing this issue transparently, and will stop doing so in the future.
  validate(nb)
/home/linyihan/miniconda3/envs/pytorch/lib/python3.10/site-packages/notebook/services/contents/manager.py:353: MissingIDFieldWarning: Code cell is missing an id field, this will become a hard error in future nbformat versions. You may want to use `normalize()` on your notebooks before validations (available since nbformat 5.1.4). Previous versions of nbformat are fixing this issue transparently, and will stop doing so in the future.
  validate_nb(model['content'])
[I 09:22:35.440 NotebookApp] Saving file at /inference_test.ipynb
[I 09:23:12.386 NotebookApp] Saving file at /inference_test.ipynb
[I 09:23:28.626 NotebookApp] Saving file at /inference_test.ipynb
[I 09:24:15.432 NotebookApp] Saving file at /inference_test.ipynb
[I 09:24:26.286 NotebookApp] Saving file at /inference_test.ipynb
[I 09:25:13.198 NotebookApp] Saving file at /inference_test.ipynb
[I 09:27:02.120 NotebookApp] Saving file at /inference_test.ipynb
[I 09:30:35.578 NotebookApp] Saving file at /inference_test.ipynb
[I 09:31:12.718 NotebookApp] Saving file at /inference_test.ipynb
[I 09:31:16.857 NotebookApp] Saving file at /inference_test.ipynb
[I 09:36:38.396 NotebookApp] Saving file at /inference_test.ipynb
[I 09:37:12.371 NotebookApp] Saving file at /inference_test.ipynb
[I 09:37:18.005 NotebookApp] Saving file at /inference_test.ipynb
[I 09:37:47.868 NotebookApp] Saving file at /inference_test.ipynb
[I 09:39:12.373 NotebookApp] Saving file at /inference_test.ipynb
[I 09:40:12.973 NotebookApp] Saving file at /inference_test.ipynb
[I 09:40:24.682 NotebookApp] Saving file at /inference_test.ipynb
[I 09:40:28.128 NotebookApp] Saving file at /inference_test.ipynb
[I 09:40:56.295 NotebookApp] Saving file at /inference_test.ipynb
[I 09:41:04.725 NotebookApp] Saving file at /inference_test.ipynb
[I 11:04:24.908 NotebookApp] Starting buffering for f563b069-b69b-487a-a560-03810056af0d:d1393fb359d646ed95d8becae7465ba7
[C 15:30:24.458 NotebookApp] received signal 15, stopping
[I 15:30:24.459 NotebookApp] Shutting down 1 kernel
[I 15:30:24.460 NotebookApp] Kernel shutdown: f563b069-b69b-487a-a560-03810056af0d
[I 15:30:24.814 NotebookApp] Shutting down 0 terminals

  _   _          _      _
 | | | |_ __  __| |__ _| |_ ___
 | |_| | '_ \/ _` / _` |  _/ -_)
  \___/| .__/\__,_\__,_|\__\___|
       |_|
                       
Read the migration plan to Notebook 7 to learn about the new features and the actions to take if you are using extensions.

https://jupyter-notebook.readthedocs.io/en/latest/migrate_to_notebook7.html

Please note that updating to Notebook 7 might break some of your extensions.

